{"/Users/hansaeronwarde/projects/wallet-api/src/config/constants.ts": {"path":"/Users/hansaeronwarde/projects/wallet-api/src/config/constants.ts","statementMap":{"0":{"start":{"line":1,"column":0},"end":{"line":1,"column":null}},"1":{"start":{"line":2,"column":2},"end":{"line":2,"column":null}},"2":{"start":{"line":3,"column":2},"end":{"line":3,"column":null}}},"fnMap":{"0":{"name":"(anonymous_0)","decl":{"start":{"line":1,"column":0},"end":{"line":1,"column":12}},"loc":{"start":{"line":1,"column":24},"end":{"line":4,"column":1}}}},"branchMap":{"0":{"loc":{"start":{"line":1,"column":12},"end":{"line":1,"column":null}},"type":"binary-expr","locations":[{"start":{"line":1,"column":12},"end":{"line":1,"column":24}},{"start":{"line":1,"column":24},"end":{"line":1,"column":null}}]}},"s":{"0":1,"1":1,"2":1},"f":{"0":1},"b":{"0":[1,1]}}
,"/Users/hansaeronwarde/projects/wallet-api/src/controller/paymentController.ts": {"path":"/Users/hansaeronwarde/projects/wallet-api/src/controller/paymentController.ts","statementMap":{"0":{"start":{"line":2,"column":0},"end":{"line":2,"column":51}},"1":{"start":{"line":3,"column":0},"end":{"line":3,"column":64}},"2":{"start":{"line":4,"column":0},"end":{"line":4,"column":38}},"3":{"start":{"line":7,"column":27},"end":{"line":72,"column":1}},"4":{"start":{"line":8,"column":27},"end":{"line":8,"column":53}},"5":{"start":{"line":10,"column":2},"end":{"line":12,"column":3}},"6":{"start":{"line":11,"column":4},"end":{"line":11,"column":64}},"7":{"start":{"line":14,"column":43},"end":{"line":14,"column":45}},"8":{"start":{"line":15,"column":63},"end":{"line":15,"column":65}},"9":{"start":{"line":17,"column":2},"end":{"line":69,"column":3}},"10":{"start":{"line":18,"column":4},"end":{"line":68,"column":5}},"11":{"start":{"line":19,"column":28},"end":{"line":19,"column":65}},"12":{"start":{"line":21,"column":34},"end":{"line":24,"column":8}},"13":{"start":{"line":25,"column":6},"end":{"line":25,"column":43}},"14":{"start":{"line":26,"column":32},"end":{"line":26,"column":64}},"15":{"start":{"line":28,"column":23},"end":{"line":30,"column":8}},"16":{"start":{"line":32,"column":6},"end":{"line":38,"column":7}},"17":{"start":{"line":33,"column":23},"end":{"line":36,"column":10}},"18":{"start":{"line":37,"column":8},"end":{"line":37,"column":41}},"19":{"start":{"line":40,"column":27},"end":{"line":40,"column":45}},"20":{"start":{"line":42,"column":6},"end":{"line":46,"column":7}},"21":{"start":{"line":43,"column":8},"end":{"line":43,"column":67}},"22":{"start":{"line":44,"column":13},"end":{"line":46,"column":7}},"23":{"start":{"line":45,"column":8},"end":{"line":45,"column":67}},"24":{"start":{"line":48,"column":28},"end":{"line":51,"column":null}},"25":{"start":{"line":54,"column":6},"end":{"line":56,"column":8}},"26":{"start":{"line":58,"column":6},"end":{"line":58,"column":73}},"27":{"start":{"line":60,"column":6},"end":{"line":63,"column":8}},"28":{"start":{"line":64,"column":6},"end":{"line":67,"column":9}},"29":{"start":{"line":71,"column":2},"end":{"line":71,"column":78}},"30":{"start":{"line":7,"column":13},"end":{"line":7,"column":27}},"31":{"start":{"line":74,"column":27},"end":{"line":87,"column":1}},"32":{"start":{"line":75,"column":21},"end":{"line":75,"column":31}},"33":{"start":{"line":76,"column":2},"end":{"line":78,"column":3}},"34":{"start":{"line":77,"column":4},"end":{"line":77,"column":76}},"35":{"start":{"line":80,"column":2},"end":{"line":86,"column":3}},"36":{"start":{"line":81,"column":21},"end":{"line":81,"column":72}},"37":{"start":{"line":82,"column":4},"end":{"line":82,"column":46}},"38":{"start":{"line":84,"column":4},"end":{"line":84,"column":56}},"39":{"start":{"line":85,"column":4},"end":{"line":85,"column":58}},"40":{"start":{"line":74,"column":13},"end":{"line":74,"column":27}}},"fnMap":{"0":{"name":"(anonymous_1)","decl":{"start":{"line":7,"column":27},"end":{"line":7,"column":32}},"loc":{"start":{"line":7,"column":65},"end":{"line":72,"column":1}}},"1":{"name":"(anonymous_2)","decl":{"start":{"line":74,"column":27},"end":{"line":74,"column":32}},"loc":{"start":{"line":74,"column":65},"end":{"line":87,"column":1}}}},"branchMap":{"0":{"loc":{"start":{"line":10,"column":2},"end":{"line":12,"column":3}},"type":"if","locations":[{"start":{"line":10,"column":2},"end":{"line":12,"column":3}}]},"1":{"loc":{"start":{"line":10,"column":6},"end":{"line":10,"column":51}},"type":"binary-expr","locations":[{"start":{"line":10,"column":6},"end":{"line":10,"column":19}},{"start":{"line":10,"column":23},"end":{"line":10,"column":51}}]},"2":{"loc":{"start":{"line":32,"column":6},"end":{"line":38,"column":7}},"type":"if","locations":[{"start":{"line":32,"column":6},"end":{"line":38,"column":7}}]},"3":{"loc":{"start":{"line":42,"column":6},"end":{"line":46,"column":7}},"type":"if","locations":[{"start":{"line":42,"column":6},"end":{"line":46,"column":7}},{"start":{"line":44,"column":13},"end":{"line":46,"column":7}}]},"4":{"loc":{"start":{"line":44,"column":13},"end":{"line":46,"column":7}},"type":"if","locations":[{"start":{"line":44,"column":13},"end":{"line":46,"column":7}}]},"5":{"loc":{"start":{"line":58,"column":6},"end":{"line":58,"column":72}},"type":"binary-expr","locations":[{"start":{"line":58,"column":6},"end":{"line":58,"column":19}},{"start":{"line":58,"column":23},"end":{"line":58,"column":72}}]},"6":{"loc":{"start":{"line":76,"column":2},"end":{"line":78,"column":3}},"type":"if","locations":[{"start":{"line":76,"column":2},"end":{"line":78,"column":3}}]}},"s":{"0":1,"1":1,"2":1,"3":1,"4":3,"5":3,"6":1,"7":2,"8":2,"9":2,"10":4,"11":4,"12":4,"13":4,"14":2,"15":2,"16":2,"17":1,"18":1,"19":2,"20":2,"21":1,"22":1,"23":1,"24":2,"25":2,"26":2,"27":2,"28":2,"29":2,"30":1,"31":1,"32":3,"33":3,"34":1,"35":2,"36":2,"37":1,"38":1,"39":1,"40":1},"f":{"0":3,"1":3},"b":{"0":[1],"1":[3,2],"2":[1],"3":[1,1],"4":[1],"5":[2,1],"6":[1]}}
,"/Users/hansaeronwarde/projects/wallet-api/src/controller/walletController.ts": {"path":"/Users/hansaeronwarde/projects/wallet-api/src/controller/walletController.ts","statementMap":{"0":{"start":{"line":2,"column":0},"end":{"line":2,"column":38}},"1":{"start":{"line":4,"column":25},"end":{"line":17,"column":1}},"2":{"start":{"line":5,"column":21},"end":{"line":5,"column":31}},"3":{"start":{"line":6,"column":2},"end":{"line":8,"column":3}},"4":{"start":{"line":7,"column":4},"end":{"line":7,"column":76}},"5":{"start":{"line":10,"column":2},"end":{"line":16,"column":3}},"6":{"start":{"line":11,"column":19},"end":{"line":11,"column":60}},"7":{"start":{"line":12,"column":4},"end":{"line":12,"column":44}},"8":{"start":{"line":14,"column":4},"end":{"line":14,"column":54}},"9":{"start":{"line":15,"column":4},"end":{"line":15,"column":58}},"10":{"start":{"line":4,"column":13},"end":{"line":4,"column":25}}},"fnMap":{"0":{"name":"(anonymous_1)","decl":{"start":{"line":4,"column":25},"end":{"line":4,"column":30}},"loc":{"start":{"line":4,"column":63},"end":{"line":17,"column":1}}}},"branchMap":{"0":{"loc":{"start":{"line":6,"column":2},"end":{"line":8,"column":3}},"type":"if","locations":[{"start":{"line":6,"column":2},"end":{"line":8,"column":3}}]},"1":{"loc":{"start":{"line":6,"column":6},"end":{"line":6,"column":30}},"type":"binary-expr","locations":[{"start":{"line":6,"column":6},"end":{"line":6,"column":13}},{"start":{"line":6,"column":17},"end":{"line":6,"column":30}}]}},"s":{"0":1,"1":1,"2":3,"3":3,"4":1,"5":2,"6":2,"7":1,"8":1,"9":1,"10":1},"f":{"0":3},"b":{"0":[1],"1":[3,2]}}
,"/Users/hansaeronwarde/projects/wallet-api/src/models/PaymentNotification.ts": {"path":"/Users/hansaeronwarde/projects/wallet-api/src/models/PaymentNotification.ts","statementMap":{"0":{"start":{"line":1,"column":0},"end":{"line":1,"column":41}},"1":{"start":{"line":3,"column":34},"end":{"line":47,"column":null}},"2":{"start":{"line":50,"column":28},"end":{"line":52,"column":null}},"3":{"start":{"line":55,"column":0},"end":{"line":55,"column":35}}},"fnMap":{},"branchMap":{},"s":{"0":1,"1":1,"2":1,"3":1},"f":{},"b":{}}
,"/Users/hansaeronwarde/projects/wallet-api/src/models/Wallet.ts": {"path":"/Users/hansaeronwarde/projects/wallet-api/src/models/Wallet.ts","statementMap":{"0":{"start":{"line":1,"column":0},"end":{"line":1,"column":41}},"1":{"start":{"line":3,"column":21},"end":{"line":20,"column":null}},"2":{"start":{"line":23,"column":15},"end":{"line":23,"column":44}},"3":{"start":{"line":25,"column":0},"end":{"line":25,"column":22}}},"fnMap":{},"branchMap":{},"s":{"0":2,"1":2,"2":2,"3":2},"f":{},"b":{}}
}
