TN:
SF:src/config/constants.ts
FN:1,(anonymous_0)
FNF:1
FNH:1
FNDA:1,(anonymous_0)
DA:1,1
DA:2,1
DA:3,1
LF:3
LH:3
BRDA:1,0,0,1
BRDA:1,0,1,1
BRF:2
BRH:2
end_of_record
TN:
SF:src/controller/paymentController.ts
FN:7,(anonymous_1)
FN:74,(anonymous_2)
FNF:2
FNH:2
FNDA:3,(anonymous_1)
FNDA:3,(anonymous_2)
DA:2,1
DA:3,1
DA:4,1
DA:7,1
DA:8,3
DA:10,3
DA:11,1
DA:14,2
DA:15,2
DA:17,2
DA:18,4
DA:19,4
DA:21,4
DA:25,4
DA:26,2
DA:28,2
DA:32,2
DA:33,1
DA:37,1
DA:40,2
DA:42,2
DA:43,1
DA:44,1
DA:45,1
DA:48,2
DA:54,2
DA:58,2
DA:60,2
DA:64,2
DA:71,2
DA:74,1
DA:75,3
DA:76,3
DA:77,1
DA:80,2
DA:81,2
DA:82,1
DA:84,1
DA:85,1
LF:39
LH:39
BRDA:10,0,0,1
BRDA:10,1,0,3
BRDA:10,1,1,2
BRDA:32,2,0,1
BRDA:42,3,0,1
BRDA:42,3,1,1
BRDA:44,4,0,1
BRDA:58,5,0,2
BRDA:58,5,1,1
BRDA:76,6,0,1
BRF:10
BRH:10
end_of_record
TN:
SF:src/controller/walletController.ts
FN:4,(anonymous_1)
FNF:1
FNH:1
FNDA:3,(anonymous_1)
DA:2,1
DA:4,1
DA:5,3
DA:6,3
DA:7,1
DA:10,2
DA:11,2
DA:12,1
DA:14,1
DA:15,1
LF:10
LH:10
BRDA:6,0,0,1
BRDA:6,1,0,3
BRDA:6,1,1,2
BRF:3
BRH:3
end_of_record
TN:
SF:src/models/PaymentNotification.ts
FNF:0
FNH:0
DA:1,1
DA:3,1
DA:50,1
DA:55,1
LF:4
LH:4
BRF:0
BRH:0
end_of_record
TN:
SF:src/models/Wallet.ts
FNF:0
FNH:0
DA:1,2
DA:3,2
DA:23,2
DA:25,2
LF:4
LH:4
BRF:0
BRH:0
end_of_record
